[10-Dec-2024 21:00:39 Europe/Berlin] PHP Fatal error:  Uncaught mysqli_sql_exception: You have an error in your SQL syntax; check the manual that corresponds to your MySQL server version for the right syntax to use near '@gmail.com, 123)' at line 1 in C:\xampp\htdocs\sevims\MelikeBacımlaÖdevYapıyosssss\kayit.php:11
Stack trace:
#0 C:\xampp\htdocs\sevims\MelikeBacımlaÖdevYapıyosssss\kayit.php(11): mysqli->prepare('INSERT INTO yon...')
#1 {main}
  thrown in C:\xampp\htdocs\sevims\MelikeBacımlaÖdevYapıyosssss\kayit.php on line 11
[10-Dec-2024 21:07:30 Europe/Berlin] PHP Fatal error:  Uncaught mysqli_sql_exception: You have an error in your SQL syntax; check the manual that corresponds to your MySQL server version for the right syntax to use near '@gmail.com, 123)' at line 1 in C:\xampp\htdocs\sevims\MelikeBacımlaÖdevYapıyosssss\kayit.php:11
Stack trace:
#0 C:\xampp\htdocs\sevims\MelikeBacımlaÖdevYapıyosssss\kayit.php(11): mysqli->prepare('INSERT INTO yon...')
#1 {main}
  thrown in C:\xampp\htdocs\sevims\MelikeBacımlaÖdevYapıyosssss\kayit.php on line 11
[10-Dec-2024 21:09:06 Europe/Berlin] PHP Fatal error:  Uncaught mysqli_sql_exception: You have an error in your SQL syntax; check the manual that corresponds to your MySQL server version for the right syntax to use near '@gmail.com, 123)' at line 1 in C:\xampp\htdocs\sevims\MelikeBacımlaÖdevYapıyosssss\kayit.php:11
Stack trace:
#0 C:\xampp\htdocs\sevims\MelikeBacımlaÖdevYapıyosssss\kayit.php(11): mysqli->prepare('INSERT INTO yon...')
#1 {main}
  thrown in C:\xampp\htdocs\sevims\MelikeBacımlaÖdevYapıyosssss\kayit.php on line 11
[10-Dec-2024 21:09:11 Europe/Berlin] PHP Fatal error:  Uncaught mysqli_sql_exception: You have an error in your SQL syntax; check the manual that corresponds to your MySQL server version for the right syntax to use near '@gmail.com, 123)' at line 1 in C:\xampp\htdocs\sevims\MelikeBacımlaÖdevYapıyosssss\kayit.php:11
Stack trace:
#0 C:\xampp\htdocs\sevims\MelikeBacımlaÖdevYapıyosssss\kayit.php(11): mysqli->prepare('INSERT INTO yon...')
#1 {main}
  thrown in C:\xampp\htdocs\sevims\MelikeBacımlaÖdevYapıyosssss\kayit.php on line 11
